#
# There is insufficient memory for the Java Runtime Environment to continue.
# Native memory allocation (malloc) failed to allocate 95296 bytes for Chunk::new
# Possible reasons:
#   The system is out of physical RAM or swap space
#   In 32 bit mode, the process size limit was hit
# Possible solutions:
#   Reduce memory load on the system
#   Increase physical memory or swap space
#   Check if swap backing store is full
#   Use 64 bit Java on a 64 bit OS
#   Decrease Java heap size (-Xmx/-Xms)
#   Decrease number of Java threads
#   Decrease Java thread stack sizes (-Xss)
#   Set larger code cache with -XX:ReservedCodeCacheSize=
# This output file may be truncated or incomplete.
#
#  Out of Memory Error (allocation.cpp:323), pid=5760, tid=4008
#
# JRE version: Java(TM) SE Runtime Environment (7.0_79-b15) (build 1.7.0_79-b15)
# Java VM: Java HotSpot(TM) 64-Bit Server VM (24.79-b02 mixed mode windows-amd64 compressed oops)
# Failed to write core dump. Minidumps are not enabled by default on client versions of Windows
#

---------------  T H R E A D  ---------------

Current thread (0x000000000857e000):  JavaThread "C2 CompilerThread1" daemon [_thread_in_native, id=4008, stack(0x0000000009fb0000,0x000000000a0b0000)]

Stack: [0x0000000009fb0000,0x000000000a0b0000]
[error occurred during error reporting (printing stack bounds), id 0xc0000005]


[error occurred during error reporting (printing native stack), id 0xc0000005]


Current CompileTask:
C2:  28431   11             sun.net.www.ParseUtil::encodePath (336 bytes)


---------------  P R O C E S S  ---------------

Java Threads: ( => current thread )
  0x0000000008588000 JavaThread "Service Thread" daemon [_thread_blocked, id=3912, stack(0x0000000009690000,0x0000000009790000)]
=>0x000000000857e000 JavaThread "C2 CompilerThread1" daemon [_thread_in_native, id=4008, stack(0x0000000009fb0000,0x000000000a0b0000)]
  0x000000000857c800 JavaThread "C2 CompilerThread0" daemon [_thread_blocked, id=2972, stack(0x0000000009e00000,0x0000000009f00000)]
  0x0000000008572000 JavaThread "Attach Listener" daemon [_thread_blocked, id=5032, stack(0x0000000009c90000,0x0000000009d90000)]
  0x000000000856d000 JavaThread "Signal Dispatcher" daemon [_thread_blocked, id=5160, stack(0x0000000009b20000,0x0000000009c20000)]
  0x000000000851a000 JavaThread "Finalizer" daemon [_thread_blocked, id=5084, stack(0x0000000009970000,0x0000000009a70000)]
  0x000000000850d800 JavaThread "Reference Handler" daemon [_thread_blocked, id=5500, stack(0x0000000009800000,0x0000000009900000)]
  0x000000000218e000 JavaThread "main" [_thread_in_native, id=5192, stack(0x00000000024a0000,0x00000000025a0000)]

Other Threads:
  0x000000000850a000 VMThread [stack: 0x0000000009520000,0x0000000009620000] [id=4944]
  0x000000000a0b8800 WatcherThread [stack: 0x000000000a4e0000,0x000000000a5e0000] [id=2116]

VM state:not at safepoint (normal execution)

VM Mutex/Monitor currently owned by a thread: None

Heap
 PSYoungGen      total 18432K, used 3337K [0x00000000eaa80000, 0x00000000ebf00000, 0x0000000100000000)
  eden space 15872K, 4% used [0x00000000eaa80000,0x00000000eab444e8,0x00000000eba00000)
  from space 2560K, 99% used [0x00000000eba00000,0x00000000ebc7df68,0x00000000ebc80000)
  to   space 2560K, 0% used [0x00000000ebc80000,0x00000000ebc80000,0x00000000ebf00000)
 ParOldGen       total 40960K, used 752K [0x00000000c0000000, 0x00000000c2800000, 0x00000000eaa80000)
  object space 40960K, 1% used [0x00000000c0000000,0x00000000c00bc150,0x00000000c2800000)
 PSPermGen       total 21504K, used 5780K [0x00000000bae00000, 0x00000000bc300000, 0x00000000c0000000)
  object space 21504K, 26% used [0x00000000bae00000,0x00000000bb3a5248,0x00000000bc300000)

Card table byte_map: [0x00000000055a0000,0x00000000057d0000] byte_map_base: 0x0000000004fc9000

Polling page: 0x0000000000230000

Code Cache  [0x00000000025a0000, 0x0000000002810000, 0x00000000055a0000)
 total_blobs=389 nmethods=150 adapters=191 free_code_cache=48541Kb largest_free_block=49688512

Compilation events (10 events):
Event: 22.476 Thread 0x000000000857c800 nmethod 6 0x0000000002604550 code [0x00000000026046a0, 0x0000000002604af8]
Event: 22.509 Thread 0x000000000857e000    7             java.lang.String::equals (81 bytes)
Event: 22.512 Thread 0x000000000857e000 nmethod 7 0x0000000002607f10 code [0x0000000002608060, 0x0000000002608298]
Event: 22.542 Thread 0x000000000857c800    8             java.lang.Object::<init> (1 bytes)
Event: 22.543 Thread 0x000000000857c800 nmethod 8 0x0000000002606550 code [0x0000000002606680, 0x00000000026066f8]
Event: 22.550 Thread 0x000000000857e000    9             java.lang.String::startsWith (72 bytes)
Event: 22.553 Thread 0x000000000857e000 nmethod 9 0x000000000260b250 code [0x000000000260b3a0, 0x000000000260b538]
Event: 22.596 Thread 0x000000000857c800   10             java.lang.String::charAt (29 bytes)
Event: 22.597 Thread 0x000000000857c800 nmethod 10 0x0000000002605890 code [0x00000000026059c0, 0x0000000002605a58]
Event: 22.626 Thread 0x000000000857e000   11             sun.net.www.ParseUtil::encodePath (336 bytes)

GC Heap History (0 events):
No events

Deoptimization events (0 events):
No events

Internal exceptions (10 events):
Event: 22.621 Thread 0x000000000218e000 Threw 0x00000000eaf10d28 at C:\re\jdk7u79\2331\hotspot\src\share\vm\prims\jvm.cpp:1304
Event: 22.621 Thread 0x000000000218e000 Threw 0x00000000eaf12f18 at C:\re\jdk7u79\2331\hotspot\src\share\vm\prims\jvm.cpp:1304
Event: 22.622 Thread 0x000000000218e000 Threw 0x00000000eaf16148 at C:\re\jdk7u79\2331\hotspot\src\share\vm\prims\jvm.cpp:1304
Event: 22.622 Thread 0x000000000218e000 Threw 0x00000000eaf19108 at C:\re\jdk7u79\2331\hotspot\src\share\vm\prims\jvm.cpp:1304
Event: 22.623 Thread 0x000000000218e000 Threw 0x00000000eaf1d710 at C:\re\jdk7u79\2331\hotspot\src\share\vm\prims\jvm.cpp:1304
Event: 22.623 Thread 0x000000000218e000 Threw 0x00000000eaf20020 at C:\re\jdk7u79\2331\hotspot\src\share\vm\prims\jvm.cpp:1304
Event: 22.625 Thread 0x000000000218e000 Threw 0x00000000eaf2aa08 at C:\re\jdk7u79\2331\hotspot\src\share\vm\prims\jvm.cpp:1304
Event: 22.625 Thread 0x000000000218e000 Threw 0x00000000eaf2d748 at C:\re\jdk7u79\2331\hotspot\src\share\vm\prims\jvm.cpp:1304
Event: 22.627 Thread 0x000000000218e000 Threw 0x00000000eaf32790 at C:\re\jdk7u79\2331\hotspot\src\share\vm\prims\jvm.cpp:1304
Event: 22.628 Thread 0x000000000218e000 Threw 0x00000000eaf353b8 at C:\re\jdk7u79\2331\hotspot\src\share\vm\prims\jvm.cpp:1304

Events (10 events):
Event: 22.624 loading class 0x000000000a1ba770
Event: 22.624 loading class 0x000000000a1ba770 done
Event: 22.625 loading class 0x00000000020ddca0
Event: 22.625 loading class 0x00000000020ddca0 done
Event: 22.625 loading class 0x000000000a1b9cf0
Event: 22.625 loading class 0x000000000a1b9cf0 done
Event: 22.627 loading class 0x000000000a2022e0
Event: 22.627 loading class 0x000000000a2022e0 done
Event: 22.628 loading class 0x000000000a1b9d30
Event: 22.628 loading class 0x000000000a1b9d30 done


Dynamic libraries:
0x000000013ffe0000 - 0x0000000140013000 	C:\Program Files\Java\jdk1.7.0_79\bin\java.exe
0x0000000077450000 - 0x00000000775f9000 	C:\windows\SYSTEM32\ntdll.dll
0x0000000077230000 - 0x000000007734f000 	C:\windows\system32\kernel32.dll
0x000007fefd450000 - 0x000007fefd4bc000 	C:\windows\system32\KERNELBASE.dll
0x000007fefeea0000 - 0x000007fefef7b000 	C:\windows\system32\ADVAPI32.dll
0x000007fefeba0000 - 0x000007fefec3f000 	C:\windows\system32\msvcrt.dll
0x000007fefd640000 - 0x000007fefd65f000 	C:\windows\SYSTEM32\sechost.dll
0x000007feff540000 - 0x000007feff66d000 	C:\windows\system32\RPCRT4.dll
0x0000000077350000 - 0x000000007744a000 	C:\windows\system32\USER32.dll
0x000007fefd5d0000 - 0x000007fefd637000 	C:\windows\system32\GDI32.dll
0x000007feff750000 - 0x000007feff75e000 	C:\windows\system32\LPK.dll
0x000007feff1d0000 - 0x000007feff299000 	C:\windows\system32\USP10.dll
0x000007fefbc30000 - 0x000007fefbe24000 	C:\windows\WinSxS\amd64_microsoft.windows.common-controls_6595b64144ccf1df_6.0.7601.18807_none_fa381d5f175bfb52\COMCTL32.dll
0x000007fefed80000 - 0x000007fefedf1000 	C:\windows\system32\SHLWAPI.dll
0x000007feff510000 - 0x000007feff53e000 	C:\windows\system32\IMM32.DLL
0x000007fefd660000 - 0x000007fefd769000 	C:\windows\system32\MSCTF.dll
0x0000000072c20000 - 0x0000000072cf2000 	C:\Program Files\Java\jdk1.7.0_79\jre\bin\msvcr100.dll
0x000000005da00000 - 0x000000005e1d5000 	C:\Program Files\Java\jdk1.7.0_79\jre\bin\server\jvm.dll
0x000007fef1bb0000 - 0x000007fef1bb9000 	C:\windows\system32\WSOCK32.dll
0x000007feff4c0000 - 0x000007feff50d000 	C:\windows\system32\WS2_32.dll
0x000007feff2a0000 - 0x000007feff2a8000 	C:\windows\system32\NSI.dll
0x000007fefa0e0000 - 0x000007fefa11b000 	C:\windows\system32\WINMM.dll
0x0000000077620000 - 0x0000000077627000 	C:\windows\system32\PSAPI.DLL
0x000000005e6d0000 - 0x000000005e6df000 	C:\Program Files\Java\jdk1.7.0_79\jre\bin\verify.dll
0x000000005e6a0000 - 0x000000005e6c8000 	C:\Program Files\Java\jdk1.7.0_79\jre\bin\java.dll
0x000000005e680000 - 0x000000005e695000 	C:\Program Files\Java\jdk1.7.0_79\jre\bin\zip.dll
0x000000005e660000 - 0x000000005e67a000 	C:\Program Files\Java\jdk1.7.0_79\jre\bin\net.dll
0x000007fefc9b0000 - 0x000007fefca05000 	C:\windows\system32\mswsock.dll
0x000007fefc9a0000 - 0x000007fefc9a7000 	C:\windows\System32\wship6.dll
0x000000005e640000 - 0x000000005e651000 	C:\Program Files\Java\jdk1.7.0_79\jre\bin\nio.dll

VM Arguments:
jvm_args: -Xmx1024M -Dfile.encoding=windows-1252 -Duser.country=IN -Duser.language=en -Duser.variant 
java_command: com.android.dx.command.Main --dex --output C:\Users\HPZ231\AndroidStudioProjects\EPDS_HP\app\build\intermediates\pre-dexed\debug\classes-f9aa37d96fc4e46f8e9d464e4fd039e55cc714e0.jar C:\Users\HPZ231\AndroidStudioProjects\EPDS_HP\app\build\intermediates\exploded-aar\EPDS_HP\epds_hp.presentation.ui\unspecified\jars\classes.jar
Launcher Type: SUN_STANDARD

Environment Variables:
PATH=C:\Program Files (x86)\Intel\iCLS Client\;C:\Program Files\Intel\iCLS Client\;C:\windows\system32;C:\windows;C:\windows\System32\Wbem;C:\windows\System32\WindowsPowerShell\v1.0\;C:\Program Files\Intel\Intel(R) Management Engine Components\DAL;C:\Program Files (x86)\Intel\Intel(R) Management Engine Components\DAL;C:\Program Files\Intel\Intel(R) Management Engine Components\IPT;C:\Program Files (x86)\Intel\Intel(R) Management Engine Components\IPT;c:\Program Files (x86)\Hewlett-Packard\HP Performance Advisor;C:\Program Files (x86)\Skype\Phone\
USERNAME=HPZ231
OS=Windows_NT
PROCESSOR_IDENTIFIER=Intel64 Family 6 Model 60 Stepping 3, GenuineIntel



---------------  S Y S T E M  ---------------

OS: Windows 7 , 64 bit Build 7601 Service Pack 1

CPU:total 4 (2 cores per cpu, 2 threads per core) family 6 model 60 stepping 3, cmov, cx8, fxsr, mmx, sse, sse2, sse3, ssse3, sse4.1, sse4.2, popcnt, avx, avx2, aes, erms, ht, tsc, tscinvbit

Memory: 4k page, physical 3941340k(248300k free), swap 8102916k(120900k free)

vm_info: Java HotSpot(TM) 64-Bit Server VM (24.79-b02) for windows-amd64 JRE (1.7.0_79-b15), built on Apr 10 2015 12:36:16 by "java_re" with unknown MS VC++:1600

time: Thu May 21 11:20:52 2015
elapsed time: 28 seconds

